Traceback (most recent call last):
  File "main.py", line 24, in <module>
    sal_df = load_sal_csv(PATH, logger)
  File "/home/sunchuangyuh/A1/scripts/sal_processor.py", line 68, in load_sal_csv
    process_sal(path, logger)
  File "/home/sunchuangyuh/A1/scripts/sal_processor.py", line 20, in process_sal
    df = pd.read_json(path/ "data/sal.json", orient="index")
  File "/home/sunchuangyuh/.local/lib/python3.7/site-packages/pandas/util/_decorators.py", line 207, in wrapper
    return func(*args, **kwargs)
  File "/home/sunchuangyuh/.local/lib/python3.7/site-packages/pandas/util/_decorators.py", line 311, in wrapper
    return func(*args, **kwargs)
  File "/home/sunchuangyuh/.local/lib/python3.7/site-packages/pandas/io/json/_json.py", line 614, in read_json
    return json_reader.read()
  File "/home/sunchuangyuh/.local/lib/python3.7/site-packages/pandas/io/json/_json.py", line 748, in read
    obj = self._get_object_parser(self.data)
  File "/home/sunchuangyuh/.local/lib/python3.7/site-packages/pandas/io/json/_json.py", line 770, in _get_object_parser
    obj = FrameParser(json, **kwargs).parse()
  File "/home/sunchuangyuh/.local/lib/python3.7/site-packages/pandas/io/json/_json.py", line 885, in parse
    self._parse_no_numpy()
  File "/home/sunchuangyuh/.local/lib/python3.7/site-packages/pandas/io/json/_json.py", line 1151, in _parse_no_numpy
    loads(json, precise_float=self.precise_float),
ValueError: Expected object or value
--------------------------------------------------------------------------
Primary job  terminated normally, but 1 process returned
a non-zero exit code. Per user-direction, the job has been aborted.
--------------------------------------------------------------------------
--------------------------------------------------------------------------
mpiexec detected that one or more processes exited with non-zero status, thus causing
the job to be terminated. The first process to do so was:

  Process name: [[27037,1],0]
  Exit code:    1
--------------------------------------------------------------------------
srun: error: spartan-bm021: task 0: Exited with exit code 1
